<?xml version="1.0" encoding="UTF-8"?>
<!-- Generated by org.testng.reporters.JUnitXMLReporter -->
<testsuite hostname="DESKTOP-IQOQ25D" name="FirefoxTest" tests="10" failures="1" timestamp="15 Dec 2016 07:51:08 GMT" time="2809.175" errors="0">
  <testcase name="CheckArticles" time="40.861" classname="remedy.health.ArticlePage"/>
  <testcase name="CheckMainPage" time="2.978" classname="remedy.health.MainPage"/>
  <testcase name="TestHealthCareandCosts" time="330.678" classname="remedy.health.HealthCareandCosts"/>
  <testcase name="TestSexandRelationships" time="259.133" classname="remedy.health.SexandRelationships"/>
  <testcase name="CheckAboutUs" time="35.677" classname="remedy.health.AboutUs"/>
  <testcase name="TestDrugsandSpplements" time="598.788" classname="remedy.health.DrugsandSupplements"/>
  <testcase name="TestSharedControls" time="243.626" classname="remedy.health.SharedControls">
    <failure type="org.openqa.selenium.TimeoutException" message="Expected condition failed: waiting for com.heliumhq.API$GUIElement$1@75a0c890 (tried for 50 second(s) with 1 MILLISECONDS interval)
Build info: version: &amp;apos;2.53.1&amp;apos;, revision: &amp;apos;a36b8b1cd5757287168e54b817830adce9b0158d&amp;apos;, time: &amp;apos;2016-06-30 19:26:09&amp;apos;
System info: host: &amp;apos;DESKTOP-IQOQ25D&amp;apos;, ip: &amp;apos;192.168.140.15&amp;apos;, os.name: &amp;apos;Windows 10&amp;apos;, os.arch: &amp;apos;amd64&amp;apos;, os.version: &amp;apos;10.0&amp;apos;, java.version: &amp;apos;1.8.0_101&amp;apos;
Driver info: org.openqa.selenium.chrome.ChromeDriver
Capabilities [{applicationCacheEnabled=false, rotatable=false, mobileEmulationEnabled=false, networkConnectionEnabled=false, chrome={chromedriverVersion=2.25.426923 (0390b88869384d6eb0d5d09729679f934aab9eed), userDataDir=C:\Users\User\AppData\Local\Temp\scoped_dir4388_16378}, takesHeapSnapshot=true, pageLoadStrategy=normal, databaseEnabled=false, handlesAlerts=true, hasTouchScreen=false, version=55.0.2883.87, platform=XP, browserConnectionEnabled=false, nativeEvents=true, acceptSslCerts=true, locationContextEnabled=true, webStorageEnabled=true, browserName=chrome, takesScreenshot=true, javascriptEnabled=true, cssSelectorsEnabled=true}]
Session ID: 3f327c4b5a1170598e6c6e158ab7b0df">
      <![CDATA[org.openqa.selenium.TimeoutException: Expected condition failed: waiting for com.heliumhq.API$GUIElement$1@75a0c890 (tried for 50 second(s) with 1 MILLISECONDS interval)
Build info: version: '2.53.1', revision: 'a36b8b1cd5757287168e54b817830adce9b0158d', time: '2016-06-30 19:26:09'
System info: host: 'DESKTOP-IQOQ25D', ip: '192.168.140.15', os.name: 'Windows 10', os.arch: 'amd64', os.version: '10.0', java.version: '1.8.0_101'
Driver info: org.openqa.selenium.chrome.ChromeDriver
Capabilities [{applicationCacheEnabled=false, rotatable=false, mobileEmulationEnabled=false, networkConnectionEnabled=false, chrome={chromedriverVersion=2.25.426923 (0390b88869384d6eb0d5d09729679f934aab9eed), userDataDir=C:\Users\User\AppData\Local\Temp\scoped_dir4388_16378}, takesHeapSnapshot=true, pageLoadStrategy=normal, databaseEnabled=false, handlesAlerts=true, hasTouchScreen=false, version=55.0.2883.87, platform=XP, browserConnectionEnabled=false, nativeEvents=true, acceptSslCerts=true, locationContextEnabled=true, webStorageEnabled=true, browserName=chrome, takesScreenshot=true, javascriptEnabled=true, cssSelectorsEnabled=true}]
Session ID: 3f327c4b5a1170598e6c6e158ab7b0df
	at org.openqa.selenium.support.ui.WebDriverWait.timeoutException(WebDriverWait.java:80)
	at org.openqa.selenium.support.ui.FluentWait.until(FluentWait.java:265)
	at com.heliumhq.api_impl.APIImpl.waitUntilImpl(APIImpl.java:997)
	at com.heliumhq.api_impl.APIImpl.waitUntilImpl(APIImpl.java:987)
	at com.heliumhq.API.waitUntil(API.java:701)
	at remedy.health.RemedySharedFunctions.verifyElements(RemedySharedFunctions.java:116)
	at remedy.health.RemedySharedFunctions.SharingControls(RemedySharedFunctions.java:312)
	at remedy.health.SharedControls.CheckSharingControls(SharedControls.java:14)
	at remedy.health.SharedControls.TestSharedControls(SharedControls.java:9)
... Removed 25 stack frames]]>
    </failure>
  </testcase> <!-- TestSharedControls -->
  <testcase name="TestSearchEngine" time="4.627" classname="remedy.health.SearchEngineOptimization"/>
  <testcase name="CheckBookstore" time="261.234" classname="remedy.health.Bookstore"/>
  <testcase name="TestFoodandFitness" time="802.33" classname="remedy.health.FoodandFitness"/>
</testsuite> <!-- FirefoxTest -->
