<html>
<head>
<title>TestNG:  IETest</title>
<link href="../testng.css" rel="stylesheet" type="text/css" />
<link href="../my-testng.css" rel="stylesheet" type="text/css" />

<style type="text/css">
.log { display: none;} 
.stack-trace { display: none;} 
</style>
<script type="text/javascript">
<!--
function flip(e) {
  current = e.style.display;
  if (current == 'block') {
    e.style.display = 'none';
    return 0;
  }
  else {
    e.style.display = 'block';
    return 1;
  }
}

function toggleBox(szDivId, elem, msg1, msg2)
{
  var res = -1;  if (document.getElementById) {
    res = flip(document.getElementById(szDivId));
  }
  else if (document.all) {
    // this is the way old msie versions work
    res = flip(document.all[szDivId]);
  }
  if(elem) {
    if(res == 0) elem.innerHTML = msg1; else elem.innerHTML = msg2;
  }

}

function toggleAllBoxes() {
  if (document.getElementsByTagName) {
    d = document.getElementsByTagName('div');
    for (i = 0; i < d.length; i++) {
      if (d[i].className == 'log') {
        flip(d[i]);
      }
    }
  }
}

// -->
</script>

</head>
<body>
<h2 align='center'>IETest</h2><table border='1' align="center">
<tr>
<td>Tests passed/Failed/Skipped:</td><td>0/1/9</td>
</tr><tr>
<td>Started on:</td><td>Wed Dec 14 14:19:11 SGT 2016</td>
</tr>
<tr><td>Total time:</td><td>0 seconds (409 ms)</td>
</tr><tr>
<td>Included groups:</td><td></td>
</tr><tr>
<td>Excluded groups:</td><td></td>
</tr>
</table><p/>
<small><i>(Hover the method name to see the test class name)</i></small><p/>
<table width='100%' border='1' class='invocation-failed'>
<tr><td colspan='4' align='center'><b>FAILED CONFIGURATIONS</b></td></tr>
<tr><td><b>Test method</b></td>
<td width="30%"><b>Exception</b></td>
<td width="10%"><b>Time (seconds)</b></td>
<td><b>Instance</b></td>
</tr>
<tr>
<td title='remedy.health.ArticlePage.setup()'><b>setup</b><br>Test class: remedy.health.ArticlePage<br>Parameters: InternetExplorer</td>
<td><div><pre>java.lang.Exception: Browser is not correct
	at remedy.health.RemedySharedFunctions.setup(RemedySharedFunctions.java:92)
	at java.util.concurrent.FutureTask.run(FutureTask.java:266)
	at java.util.concurrent.ThreadPoolExecutor.runWorker(ThreadPoolExecutor.java:1142)
	at java.util.concurrent.ThreadPoolExecutor$Worker.run(ThreadPoolExecutor.java:617)
	at java.lang.Thread.run(Thread.java:745)
... Removed 16 stack frames</pre></div><a href='#' onClick='toggleBox("stack-trace552486533", this, "Click to show all stack frames", "Click to hide stack frames")'>Click to show all stack frames</a>
<div class='stack-trace' id='stack-trace552486533'><pre>java.lang.Exception: Browser is not correct
	at remedy.health.RemedySharedFunctions.setup(RemedySharedFunctions.java:92)
	at sun.reflect.NativeMethodAccessorImpl.invoke0(Native Method)
	at sun.reflect.NativeMethodAccessorImpl.invoke(NativeMethodAccessorImpl.java:62)
	at sun.reflect.DelegatingMethodAccessorImpl.invoke(DelegatingMethodAccessorImpl.java:43)
	at java.lang.reflect.Method.invoke(Method.java:498)
	at org.testng.internal.MethodInvocationHelper.invokeMethod(MethodInvocationHelper.java:100)
	at org.testng.internal.Invoker.invokeConfigurationMethod(Invoker.java:515)
	at org.testng.internal.Invoker.invokeConfigurations(Invoker.java:216)
	at org.testng.internal.Invoker.invokeConfigurations(Invoker.java:143)
	at org.testng.internal.TestMethodWorker.invokeBeforeClassMethods(TestMethodWorker.java:169)
	at org.testng.internal.TestMethodWorker.run(TestMethodWorker.java:108)
	at org.testng.TestRunner.privateRun(TestRunner.java:753)
	at org.testng.TestRunner.run(TestRunner.java:607)
	at org.testng.SuiteRunner.runTest(SuiteRunner.java:368)
	at org.testng.SuiteRunner.access$000(SuiteRunner.java:39)
	at org.testng.SuiteRunner$SuiteWorker.run(SuiteRunner.java:402)
	at org.testng.internal.thread.ThreadUtil$2.call(ThreadUtil.java:64)
	at java.util.concurrent.FutureTask.run(FutureTask.java:266)
	at java.util.concurrent.ThreadPoolExecutor.runWorker(ThreadPoolExecutor.java:1142)
	at java.util.concurrent.ThreadPoolExecutor$Worker.run(ThreadPoolExecutor.java:617)
	at java.lang.Thread.run(Thread.java:745)
</pre></div></td>
<td>0</td>
<td>remedy.health.ArticlePage@60c6f5b</td></tr>
<tr>
<td title='remedy.health.MainPage.setup()'><b>setup</b><br>Test class: remedy.health.MainPage<br>Parameters: InternetExplorer</td>
<td><div><pre>java.lang.Exception: Browser is not correct
	at remedy.health.RemedySharedFunctions.setup(RemedySharedFunctions.java:92)
	at java.util.concurrent.FutureTask.run(FutureTask.java:266)
	at java.util.concurrent.ThreadPoolExecutor.runWorker(ThreadPoolExecutor.java:1142)
	at java.util.concurrent.ThreadPoolExecutor$Worker.run(ThreadPoolExecutor.java:617)
	at java.lang.Thread.run(Thread.java:745)
... Removed 16 stack frames</pre></div><a href='#' onClick='toggleBox("stack-trace308885925", this, "Click to show all stack frames", "Click to hide stack frames")'>Click to show all stack frames</a>
<div class='stack-trace' id='stack-trace308885925'><pre>java.lang.Exception: Browser is not correct
	at remedy.health.RemedySharedFunctions.setup(RemedySharedFunctions.java:92)
	at sun.reflect.NativeMethodAccessorImpl.invoke0(Native Method)
	at sun.reflect.NativeMethodAccessorImpl.invoke(NativeMethodAccessorImpl.java:62)
	at sun.reflect.DelegatingMethodAccessorImpl.invoke(DelegatingMethodAccessorImpl.java:43)
	at java.lang.reflect.Method.invoke(Method.java:498)
	at org.testng.internal.MethodInvocationHelper.invokeMethod(MethodInvocationHelper.java:100)
	at org.testng.internal.Invoker.invokeConfigurationMethod(Invoker.java:515)
	at org.testng.internal.Invoker.invokeConfigurations(Invoker.java:216)
	at org.testng.internal.Invoker.invokeConfigurations(Invoker.java:143)
	at org.testng.internal.TestMethodWorker.invokeBeforeClassMethods(TestMethodWorker.java:169)
	at org.testng.internal.TestMethodWorker.run(TestMethodWorker.java:108)
	at org.testng.TestRunner.privateRun(TestRunner.java:753)
	at org.testng.TestRunner.run(TestRunner.java:607)
	at org.testng.SuiteRunner.runTest(SuiteRunner.java:368)
	at org.testng.SuiteRunner.access$000(SuiteRunner.java:39)
	at org.testng.SuiteRunner$SuiteWorker.run(SuiteRunner.java:402)
	at org.testng.internal.thread.ThreadUtil$2.call(ThreadUtil.java:64)
	at java.util.concurrent.FutureTask.run(FutureTask.java:266)
	at java.util.concurrent.ThreadPoolExecutor.runWorker(ThreadPoolExecutor.java:1142)
	at java.util.concurrent.ThreadPoolExecutor$Worker.run(ThreadPoolExecutor.java:617)
	at java.lang.Thread.run(Thread.java:745)
</pre></div></td>
<td>0</td>
<td>remedy.health.MainPage@2038ae61</td></tr>
<tr>
<td title='remedy.health.HealthCareandCosts.setup()'><b>setup</b><br>Test class: remedy.health.HealthCareandCosts<br>Parameters: InternetExplorer</td>
<td><div><pre>java.lang.Exception: Browser is not correct
	at remedy.health.RemedySharedFunctions.setup(RemedySharedFunctions.java:92)
	at java.util.concurrent.FutureTask.run(FutureTask.java:266)
	at java.util.concurrent.ThreadPoolExecutor.runWorker(ThreadPoolExecutor.java:1142)
	at java.util.concurrent.ThreadPoolExecutor$Worker.run(ThreadPoolExecutor.java:617)
	at java.lang.Thread.run(Thread.java:745)
... Removed 16 stack frames</pre></div><a href='#' onClick='toggleBox("stack-trace1228992287", this, "Click to show all stack frames", "Click to hide stack frames")'>Click to show all stack frames</a>
<div class='stack-trace' id='stack-trace1228992287'><pre>java.lang.Exception: Browser is not correct
	at remedy.health.RemedySharedFunctions.setup(RemedySharedFunctions.java:92)
	at sun.reflect.NativeMethodAccessorImpl.invoke0(Native Method)
	at sun.reflect.NativeMethodAccessorImpl.invoke(NativeMethodAccessorImpl.java:62)
	at sun.reflect.DelegatingMethodAccessorImpl.invoke(DelegatingMethodAccessorImpl.java:43)
	at java.lang.reflect.Method.invoke(Method.java:498)
	at org.testng.internal.MethodInvocationHelper.invokeMethod(MethodInvocationHelper.java:100)
	at org.testng.internal.Invoker.invokeConfigurationMethod(Invoker.java:515)
	at org.testng.internal.Invoker.invokeConfigurations(Invoker.java:216)
	at org.testng.internal.Invoker.invokeConfigurations(Invoker.java:143)
	at org.testng.internal.TestMethodWorker.invokeBeforeClassMethods(TestMethodWorker.java:169)
	at org.testng.internal.TestMethodWorker.run(TestMethodWorker.java:108)
	at org.testng.TestRunner.privateRun(TestRunner.java:753)
	at org.testng.TestRunner.run(TestRunner.java:607)
	at org.testng.SuiteRunner.runTest(SuiteRunner.java:368)
	at org.testng.SuiteRunner.access$000(SuiteRunner.java:39)
	at org.testng.SuiteRunner$SuiteWorker.run(SuiteRunner.java:402)
	at org.testng.internal.thread.ThreadUtil$2.call(ThreadUtil.java:64)
	at java.util.concurrent.FutureTask.run(FutureTask.java:266)
	at java.util.concurrent.ThreadPoolExecutor.runWorker(ThreadPoolExecutor.java:1142)
	at java.util.concurrent.ThreadPoolExecutor$Worker.run(ThreadPoolExecutor.java:617)
	at java.lang.Thread.run(Thread.java:745)
</pre></div></td>
<td>0</td>
<td>remedy.health.HealthCareandCosts@3c0f93f1</td></tr>
<tr>
<td title='remedy.health.SexandRelationships.setup()'><b>setup</b><br>Test class: remedy.health.SexandRelationships<br>Parameters: InternetExplorer</td>
<td><div><pre>java.lang.Exception: Browser is not correct
	at remedy.health.RemedySharedFunctions.setup(RemedySharedFunctions.java:92)
	at java.util.concurrent.FutureTask.run(FutureTask.java:266)
	at java.util.concurrent.ThreadPoolExecutor.runWorker(ThreadPoolExecutor.java:1142)
	at java.util.concurrent.ThreadPoolExecutor$Worker.run(ThreadPoolExecutor.java:617)
	at java.lang.Thread.run(Thread.java:745)
... Removed 16 stack frames</pre></div><a href='#' onClick='toggleBox("stack-trace1248755287", this, "Click to show all stack frames", "Click to hide stack frames")'>Click to show all stack frames</a>
<div class='stack-trace' id='stack-trace1248755287'><pre>java.lang.Exception: Browser is not correct
	at remedy.health.RemedySharedFunctions.setup(RemedySharedFunctions.java:92)
	at sun.reflect.NativeMethodAccessorImpl.invoke0(Native Method)
	at sun.reflect.NativeMethodAccessorImpl.invoke(NativeMethodAccessorImpl.java:62)
	at sun.reflect.DelegatingMethodAccessorImpl.invoke(DelegatingMethodAccessorImpl.java:43)
	at java.lang.reflect.Method.invoke(Method.java:498)
	at org.testng.internal.MethodInvocationHelper.invokeMethod(MethodInvocationHelper.java:100)
	at org.testng.internal.Invoker.invokeConfigurationMethod(Invoker.java:515)
	at org.testng.internal.Invoker.invokeConfigurations(Invoker.java:216)
	at org.testng.internal.Invoker.invokeConfigurations(Invoker.java:143)
	at org.testng.internal.TestMethodWorker.invokeBeforeClassMethods(TestMethodWorker.java:169)
	at org.testng.internal.TestMethodWorker.run(TestMethodWorker.java:108)
	at org.testng.TestRunner.privateRun(TestRunner.java:753)
	at org.testng.TestRunner.run(TestRunner.java:607)
	at org.testng.SuiteRunner.runTest(SuiteRunner.java:368)
	at org.testng.SuiteRunner.access$000(SuiteRunner.java:39)
	at org.testng.SuiteRunner$SuiteWorker.run(SuiteRunner.java:402)
	at org.testng.internal.thread.ThreadUtil$2.call(ThreadUtil.java:64)
	at java.util.concurrent.FutureTask.run(FutureTask.java:266)
	at java.util.concurrent.ThreadPoolExecutor.runWorker(ThreadPoolExecutor.java:1142)
	at java.util.concurrent.ThreadPoolExecutor$Worker.run(ThreadPoolExecutor.java:617)
	at java.lang.Thread.run(Thread.java:745)
</pre></div></td>
<td>0</td>
<td>remedy.health.SexandRelationships@31dc339b</td></tr>
<tr>
<td title='remedy.health.AboutUs.setup()'><b>setup</b><br>Test class: remedy.health.AboutUs<br>Parameters: InternetExplorer</td>
<td><div><pre>java.lang.Exception: Browser is not correct
	at remedy.health.RemedySharedFunctions.setup(RemedySharedFunctions.java:92)
	at java.util.concurrent.FutureTask.run(FutureTask.java:266)
	at java.util.concurrent.ThreadPoolExecutor.runWorker(ThreadPoolExecutor.java:1142)
	at java.util.concurrent.ThreadPoolExecutor$Worker.run(ThreadPoolExecutor.java:617)
	at java.lang.Thread.run(Thread.java:745)
... Removed 16 stack frames</pre></div><a href='#' onClick='toggleBox("stack-trace617629020", this, "Click to show all stack frames", "Click to hide stack frames")'>Click to show all stack frames</a>
<div class='stack-trace' id='stack-trace617629020'><pre>java.lang.Exception: Browser is not correct
	at remedy.health.RemedySharedFunctions.setup(RemedySharedFunctions.java:92)
	at sun.reflect.NativeMethodAccessorImpl.invoke0(Native Method)
	at sun.reflect.NativeMethodAccessorImpl.invoke(NativeMethodAccessorImpl.java:62)
	at sun.reflect.DelegatingMethodAccessorImpl.invoke(DelegatingMethodAccessorImpl.java:43)
	at java.lang.reflect.Method.invoke(Method.java:498)
	at org.testng.internal.MethodInvocationHelper.invokeMethod(MethodInvocationHelper.java:100)
	at org.testng.internal.Invoker.invokeConfigurationMethod(Invoker.java:515)
	at org.testng.internal.Invoker.invokeConfigurations(Invoker.java:216)
	at org.testng.internal.Invoker.invokeConfigurations(Invoker.java:143)
	at org.testng.internal.TestMethodWorker.invokeBeforeClassMethods(TestMethodWorker.java:169)
	at org.testng.internal.TestMethodWorker.run(TestMethodWorker.java:108)
	at org.testng.TestRunner.privateRun(TestRunner.java:753)
	at org.testng.TestRunner.run(TestRunner.java:607)
	at org.testng.SuiteRunner.runTest(SuiteRunner.java:368)
	at org.testng.SuiteRunner.access$000(SuiteRunner.java:39)
	at org.testng.SuiteRunner$SuiteWorker.run(SuiteRunner.java:402)
	at org.testng.internal.thread.ThreadUtil$2.call(ThreadUtil.java:64)
	at java.util.concurrent.FutureTask.run(FutureTask.java:266)
	at java.util.concurrent.ThreadPoolExecutor.runWorker(ThreadPoolExecutor.java:1142)
	at java.util.concurrent.ThreadPoolExecutor$Worker.run(ThreadPoolExecutor.java:617)
	at java.lang.Thread.run(Thread.java:745)
</pre></div></td>
<td>0</td>
<td>remedy.health.AboutUs@544fe44c</td></tr>
<tr>
<td title='remedy.health.DrugsandSupplements.setup()'><b>setup</b><br>Test class: remedy.health.DrugsandSupplements<br>Parameters: InternetExplorer</td>
<td><div><pre>java.lang.Exception: Browser is not correct
	at remedy.health.RemedySharedFunctions.setup(RemedySharedFunctions.java:92)
	at java.util.concurrent.FutureTask.run(FutureTask.java:266)
	at java.util.concurrent.ThreadPoolExecutor.runWorker(ThreadPoolExecutor.java:1142)
	at java.util.concurrent.ThreadPoolExecutor$Worker.run(ThreadPoolExecutor.java:617)
	at java.lang.Thread.run(Thread.java:745)
... Removed 16 stack frames</pre></div><a href='#' onClick='toggleBox("stack-trace368883428", this, "Click to show all stack frames", "Click to hide stack frames")'>Click to show all stack frames</a>
<div class='stack-trace' id='stack-trace368883428'><pre>java.lang.Exception: Browser is not correct
	at remedy.health.RemedySharedFunctions.setup(RemedySharedFunctions.java:92)
	at sun.reflect.NativeMethodAccessorImpl.invoke0(Native Method)
	at sun.reflect.NativeMethodAccessorImpl.invoke(NativeMethodAccessorImpl.java:62)
	at sun.reflect.DelegatingMethodAccessorImpl.invoke(DelegatingMethodAccessorImpl.java:43)
	at java.lang.reflect.Method.invoke(Method.java:498)
	at org.testng.internal.MethodInvocationHelper.invokeMethod(MethodInvocationHelper.java:100)
	at org.testng.internal.Invoker.invokeConfigurationMethod(Invoker.java:515)
	at org.testng.internal.Invoker.invokeConfigurations(Invoker.java:216)
	at org.testng.internal.Invoker.invokeConfigurations(Invoker.java:143)
	at org.testng.internal.TestMethodWorker.invokeBeforeClassMethods(TestMethodWorker.java:169)
	at org.testng.internal.TestMethodWorker.run(TestMethodWorker.java:108)
	at org.testng.TestRunner.privateRun(TestRunner.java:753)
	at org.testng.TestRunner.run(TestRunner.java:607)
	at org.testng.SuiteRunner.runTest(SuiteRunner.java:368)
	at org.testng.SuiteRunner.access$000(SuiteRunner.java:39)
	at org.testng.SuiteRunner$SuiteWorker.run(SuiteRunner.java:402)
	at org.testng.internal.thread.ThreadUtil$2.call(ThreadUtil.java:64)
	at java.util.concurrent.FutureTask.run(FutureTask.java:266)
	at java.util.concurrent.ThreadPoolExecutor.runWorker(ThreadPoolExecutor.java:1142)
	at java.util.concurrent.ThreadPoolExecutor$Worker.run(ThreadPoolExecutor.java:617)
	at java.lang.Thread.run(Thread.java:745)
</pre></div></td>
<td>0</td>
<td>remedy.health.DrugsandSupplements@31610302</td></tr>
<tr>
<td title='remedy.health.SearchEngineOptimization.setup()'><b>setup</b><br>Test class: remedy.health.SearchEngineOptimization<br>Parameters: InternetExplorer</td>
<td><div><pre>java.lang.Exception: Browser is not correct
	at remedy.health.RemedySharedFunctions.setup(RemedySharedFunctions.java:92)
	at java.util.concurrent.FutureTask.run(FutureTask.java:266)
	at java.util.concurrent.ThreadPoolExecutor.runWorker(ThreadPoolExecutor.java:1142)
	at java.util.concurrent.ThreadPoolExecutor$Worker.run(ThreadPoolExecutor.java:617)
	at java.lang.Thread.run(Thread.java:745)
... Removed 16 stack frames</pre></div><a href='#' onClick='toggleBox("stack-trace661943418", this, "Click to show all stack frames", "Click to hide stack frames")'>Click to show all stack frames</a>
<div class='stack-trace' id='stack-trace661943418'><pre>java.lang.Exception: Browser is not correct
	at remedy.health.RemedySharedFunctions.setup(RemedySharedFunctions.java:92)
	at sun.reflect.NativeMethodAccessorImpl.invoke0(Native Method)
	at sun.reflect.NativeMethodAccessorImpl.invoke(NativeMethodAccessorImpl.java:62)
	at sun.reflect.DelegatingMethodAccessorImpl.invoke(DelegatingMethodAccessorImpl.java:43)
	at java.lang.reflect.Method.invoke(Method.java:498)
	at org.testng.internal.MethodInvocationHelper.invokeMethod(MethodInvocationHelper.java:100)
	at org.testng.internal.Invoker.invokeConfigurationMethod(Invoker.java:515)
	at org.testng.internal.Invoker.invokeConfigurations(Invoker.java:216)
	at org.testng.internal.Invoker.invokeConfigurations(Invoker.java:143)
	at org.testng.internal.TestMethodWorker.invokeBeforeClassMethods(TestMethodWorker.java:169)
	at org.testng.internal.TestMethodWorker.run(TestMethodWorker.java:108)
	at org.testng.TestRunner.privateRun(TestRunner.java:753)
	at org.testng.TestRunner.run(TestRunner.java:607)
	at org.testng.SuiteRunner.runTest(SuiteRunner.java:368)
	at org.testng.SuiteRunner.access$000(SuiteRunner.java:39)
	at org.testng.SuiteRunner$SuiteWorker.run(SuiteRunner.java:402)
	at org.testng.internal.thread.ThreadUtil$2.call(ThreadUtil.java:64)
	at java.util.concurrent.FutureTask.run(FutureTask.java:266)
	at java.util.concurrent.ThreadPoolExecutor.runWorker(ThreadPoolExecutor.java:1142)
	at java.util.concurrent.ThreadPoolExecutor$Worker.run(ThreadPoolExecutor.java:617)
	at java.lang.Thread.run(Thread.java:745)
</pre></div></td>
<td>0</td>
<td>remedy.health.SearchEngineOptimization@21213b92</td></tr>
<tr>
<td title='remedy.health.Bookstore.setup()'><b>setup</b><br>Test class: remedy.health.Bookstore<br>Parameters: InternetExplorer</td>
<td><div><pre>java.lang.Exception: Browser is not correct
	at remedy.health.RemedySharedFunctions.setup(RemedySharedFunctions.java:92)
	at java.util.concurrent.FutureTask.run(FutureTask.java:266)
	at java.util.concurrent.ThreadPoolExecutor.runWorker(ThreadPoolExecutor.java:1142)
	at java.util.concurrent.ThreadPoolExecutor$Worker.run(ThreadPoolExecutor.java:617)
	at java.lang.Thread.run(Thread.java:745)
... Removed 16 stack frames</pre></div><a href='#' onClick='toggleBox("stack-trace1710711126", this, "Click to show all stack frames", "Click to hide stack frames")'>Click to show all stack frames</a>
<div class='stack-trace' id='stack-trace1710711126'><pre>java.lang.Exception: Browser is not correct
	at remedy.health.RemedySharedFunctions.setup(RemedySharedFunctions.java:92)
	at sun.reflect.NativeMethodAccessorImpl.invoke0(Native Method)
	at sun.reflect.NativeMethodAccessorImpl.invoke(NativeMethodAccessorImpl.java:62)
	at sun.reflect.DelegatingMethodAccessorImpl.invoke(DelegatingMethodAccessorImpl.java:43)
	at java.lang.reflect.Method.invoke(Method.java:498)
	at org.testng.internal.MethodInvocationHelper.invokeMethod(MethodInvocationHelper.java:100)
	at org.testng.internal.Invoker.invokeConfigurationMethod(Invoker.java:515)
	at org.testng.internal.Invoker.invokeConfigurations(Invoker.java:216)
	at org.testng.internal.Invoker.invokeConfigurations(Invoker.java:143)
	at org.testng.internal.TestMethodWorker.invokeBeforeClassMethods(TestMethodWorker.java:169)
	at org.testng.internal.TestMethodWorker.run(TestMethodWorker.java:108)
	at org.testng.TestRunner.privateRun(TestRunner.java:753)
	at org.testng.TestRunner.run(TestRunner.java:607)
	at org.testng.SuiteRunner.runTest(SuiteRunner.java:368)
	at org.testng.SuiteRunner.access$000(SuiteRunner.java:39)
	at org.testng.SuiteRunner$SuiteWorker.run(SuiteRunner.java:402)
	at org.testng.internal.thread.ThreadUtil$2.call(ThreadUtil.java:64)
	at java.util.concurrent.FutureTask.run(FutureTask.java:266)
	at java.util.concurrent.ThreadPoolExecutor.runWorker(ThreadPoolExecutor.java:1142)
	at java.util.concurrent.ThreadPoolExecutor$Worker.run(ThreadPoolExecutor.java:617)
	at java.lang.Thread.run(Thread.java:745)
</pre></div></td>
<td>0</td>
<td>remedy.health.Bookstore@a67c67e</td></tr>
<tr>
<td title='remedy.health.FoodandFitness.setup()'><b>setup</b><br>Test class: remedy.health.FoodandFitness<br>Parameters: InternetExplorer</td>
<td><div><pre>java.lang.Exception: Browser is not correct
	at remedy.health.RemedySharedFunctions.setup(RemedySharedFunctions.java:92)
	at java.util.concurrent.FutureTask.run(FutureTask.java:266)
	at java.util.concurrent.ThreadPoolExecutor.runWorker(ThreadPoolExecutor.java:1142)
	at java.util.concurrent.ThreadPoolExecutor$Worker.run(ThreadPoolExecutor.java:617)
	at java.lang.Thread.run(Thread.java:745)
... Removed 16 stack frames</pre></div><a href='#' onClick='toggleBox("stack-trace999608770", this, "Click to show all stack frames", "Click to hide stack frames")'>Click to show all stack frames</a>
<div class='stack-trace' id='stack-trace999608770'><pre>java.lang.Exception: Browser is not correct
	at remedy.health.RemedySharedFunctions.setup(RemedySharedFunctions.java:92)
	at sun.reflect.NativeMethodAccessorImpl.invoke0(Native Method)
	at sun.reflect.NativeMethodAccessorImpl.invoke(NativeMethodAccessorImpl.java:62)
	at sun.reflect.DelegatingMethodAccessorImpl.invoke(DelegatingMethodAccessorImpl.java:43)
	at java.lang.reflect.Method.invoke(Method.java:498)
	at org.testng.internal.MethodInvocationHelper.invokeMethod(MethodInvocationHelper.java:100)
	at org.testng.internal.Invoker.invokeConfigurationMethod(Invoker.java:515)
	at org.testng.internal.Invoker.invokeConfigurations(Invoker.java:216)
	at org.testng.internal.Invoker.invokeConfigurations(Invoker.java:143)
	at org.testng.internal.TestMethodWorker.invokeBeforeClassMethods(TestMethodWorker.java:169)
	at org.testng.internal.TestMethodWorker.run(TestMethodWorker.java:108)
	at org.testng.TestRunner.privateRun(TestRunner.java:753)
	at org.testng.TestRunner.run(TestRunner.java:607)
	at org.testng.SuiteRunner.runTest(SuiteRunner.java:368)
	at org.testng.SuiteRunner.access$000(SuiteRunner.java:39)
	at org.testng.SuiteRunner$SuiteWorker.run(SuiteRunner.java:402)
	at org.testng.internal.thread.ThreadUtil$2.call(ThreadUtil.java:64)
	at java.util.concurrent.FutureTask.run(FutureTask.java:266)
	at java.util.concurrent.ThreadPoolExecutor.runWorker(ThreadPoolExecutor.java:1142)
	at java.util.concurrent.ThreadPoolExecutor$Worker.run(ThreadPoolExecutor.java:617)
	at java.lang.Thread.run(Thread.java:745)
</pre></div></td>
<td>0</td>
<td>remedy.health.FoodandFitness@3327bd23</td></tr>
<tr>
<td title='remedy.health.ArticlePage.tearDown()'><b>tearDown</b><br>Test class: remedy.health.ArticlePage</td>
<td><div><pre>java.lang.RuntimeException: This operation requires a browser window. Please call one of the following functions first:
 * startChrome()
 * startFirefox()
 * startIE()
 * setDriver(...)
	at com.heliumhq.api_impl.APIImpl.requireDriver(APIImpl.java:1168)
	at com.heliumhq.api_impl.APIImpl.killBrowserImpl(APIImpl.java:1014)
	at com.heliumhq.API.killBrowser(API.java:1046)
	at remedy.health.RemedySharedFunctions.tearDown(RemedySharedFunctions.java:508)
	at java.util.concurrent.FutureTask.run(FutureTask.java:266)
	at java.util.concurrent.ThreadPoolExecutor.runWorker(ThreadPoolExecutor.java:1142)
	at java.util.concurrent.ThreadPoolExecutor$Worker.run(ThreadPoolExecutor.java:617)
	at java.lang.Thread.run(Thread.java:745)
... Removed 16 stack frames</pre></div><a href='#' onClick='toggleBox("stack-trace932888904", this, "Click to show all stack frames", "Click to hide stack frames")'>Click to show all stack frames</a>
<div class='stack-trace' id='stack-trace932888904'><pre>java.lang.RuntimeException: This operation requires a browser window. Please call one of the following functions first:
 * startChrome()
 * startFirefox()
 * startIE()
 * setDriver(...)
	at com.heliumhq.api_impl.APIImpl.requireDriver(APIImpl.java:1168)
	at com.heliumhq.api_impl.APIImpl.killBrowserImpl(APIImpl.java:1014)
	at com.heliumhq.API.killBrowser(API.java:1046)
	at remedy.health.RemedySharedFunctions.tearDown(RemedySharedFunctions.java:508)
	at sun.reflect.NativeMethodAccessorImpl.invoke0(Native Method)
	at sun.reflect.NativeMethodAccessorImpl.invoke(NativeMethodAccessorImpl.java:62)
	at sun.reflect.DelegatingMethodAccessorImpl.invoke(DelegatingMethodAccessorImpl.java:43)
	at java.lang.reflect.Method.invoke(Method.java:498)
	at org.testng.internal.MethodInvocationHelper.invokeMethod(MethodInvocationHelper.java:100)
	at org.testng.internal.Invoker.invokeConfigurationMethod(Invoker.java:515)
	at org.testng.internal.Invoker.invokeConfigurations(Invoker.java:216)
	at org.testng.internal.Invoker.invokeConfigurations(Invoker.java:143)
	at org.testng.internal.TestMethodWorker.invokeAfterClassMethods(TestMethodWorker.java:217)
	at org.testng.internal.TestMethodWorker.run(TestMethodWorker.java:115)
	at org.testng.TestRunner.privateRun(TestRunner.java:753)
	at org.testng.TestRunner.run(TestRunner.java:607)
	at org.testng.SuiteRunner.runTest(SuiteRunner.java:368)
	at org.testng.SuiteRunner.access$000(SuiteRunner.java:39)
	at org.testng.SuiteRunner$SuiteWorker.run(SuiteRunner.java:402)
	at org.testng.internal.thread.ThreadUtil$2.call(ThreadUtil.java:64)
	at java.util.concurrent.FutureTask.run(FutureTask.java:266)
	at java.util.concurrent.ThreadPoolExecutor.runWorker(ThreadPoolExecutor.java:1142)
	at java.util.concurrent.ThreadPoolExecutor$Worker.run(ThreadPoolExecutor.java:617)
	at java.lang.Thread.run(Thread.java:745)
</pre></div></td>
<td>0</td>
<td>remedy.health.ArticlePage@60c6f5b</td></tr>
<tr>
<td title='remedy.health.MainPage.tearDown()'><b>tearDown</b><br>Test class: remedy.health.MainPage</td>
<td><div><pre>java.lang.RuntimeException: This operation requires a browser window. Please call one of the following functions first:
 * startChrome()
 * startFirefox()
 * startIE()
 * setDriver(...)
	at com.heliumhq.api_impl.APIImpl.requireDriver(APIImpl.java:1168)
	at com.heliumhq.api_impl.APIImpl.killBrowserImpl(APIImpl.java:1014)
	at com.heliumhq.API.killBrowser(API.java:1046)
	at remedy.health.RemedySharedFunctions.tearDown(RemedySharedFunctions.java:508)
	at java.util.concurrent.FutureTask.run(FutureTask.java:266)
	at java.util.concurrent.ThreadPoolExecutor.runWorker(ThreadPoolExecutor.java:1142)
	at java.util.concurrent.ThreadPoolExecutor$Worker.run(ThreadPoolExecutor.java:617)
	at java.lang.Thread.run(Thread.java:745)
... Removed 16 stack frames</pre></div><a href='#' onClick='toggleBox("stack-trace1733539677", this, "Click to show all stack frames", "Click to hide stack frames")'>Click to show all stack frames</a>
<div class='stack-trace' id='stack-trace1733539677'><pre>java.lang.RuntimeException: This operation requires a browser window. Please call one of the following functions first:
 * startChrome()
 * startFirefox()
 * startIE()
 * setDriver(...)
	at com.heliumhq.api_impl.APIImpl.requireDriver(APIImpl.java:1168)
	at com.heliumhq.api_impl.APIImpl.killBrowserImpl(APIImpl.java:1014)
	at com.heliumhq.API.killBrowser(API.java:1046)
	at remedy.health.RemedySharedFunctions.tearDown(RemedySharedFunctions.java:508)
	at sun.reflect.NativeMethodAccessorImpl.invoke0(Native Method)
	at sun.reflect.NativeMethodAccessorImpl.invoke(NativeMethodAccessorImpl.java:62)
	at sun.reflect.DelegatingMethodAccessorImpl.invoke(DelegatingMethodAccessorImpl.java:43)
	at java.lang.reflect.Method.invoke(Method.java:498)
	at org.testng.internal.MethodInvocationHelper.invokeMethod(MethodInvocationHelper.java:100)
	at org.testng.internal.Invoker.invokeConfigurationMethod(Invoker.java:515)
	at org.testng.internal.Invoker.invokeConfigurations(Invoker.java:216)
	at org.testng.internal.Invoker.invokeConfigurations(Invoker.java:143)
	at org.testng.internal.TestMethodWorker.invokeAfterClassMethods(TestMethodWorker.java:217)
	at org.testng.internal.TestMethodWorker.run(TestMethodWorker.java:115)
	at org.testng.TestRunner.privateRun(TestRunner.java:753)
	at org.testng.TestRunner.run(TestRunner.java:607)
	at org.testng.SuiteRunner.runTest(SuiteRunner.java:368)
	at org.testng.SuiteRunner.access$000(SuiteRunner.java:39)
	at org.testng.SuiteRunner$SuiteWorker.run(SuiteRunner.java:402)
	at org.testng.internal.thread.ThreadUtil$2.call(ThreadUtil.java:64)
	at java.util.concurrent.FutureTask.run(FutureTask.java:266)
	at java.util.concurrent.ThreadPoolExecutor.runWorker(ThreadPoolExecutor.java:1142)
	at java.util.concurrent.ThreadPoolExecutor$Worker.run(ThreadPoolExecutor.java:617)
	at java.lang.Thread.run(Thread.java:745)
</pre></div></td>
<td>0</td>
<td>remedy.health.MainPage@2038ae61</td></tr>
<tr>
<td title='remedy.health.HealthCareandCosts.tearDown()'><b>tearDown</b><br>Test class: remedy.health.HealthCareandCosts</td>
<td><div><pre>java.lang.RuntimeException: This operation requires a browser window. Please call one of the following functions first:
 * startChrome()
 * startFirefox()
 * startIE()
 * setDriver(...)
	at com.heliumhq.api_impl.APIImpl.requireDriver(APIImpl.java:1168)
	at com.heliumhq.api_impl.APIImpl.killBrowserImpl(APIImpl.java:1014)
	at com.heliumhq.API.killBrowser(API.java:1046)
	at remedy.health.RemedySharedFunctions.tearDown(RemedySharedFunctions.java:508)
	at java.util.concurrent.FutureTask.run(FutureTask.java:266)
	at java.util.concurrent.ThreadPoolExecutor.runWorker(ThreadPoolExecutor.java:1142)
	at java.util.concurrent.ThreadPoolExecutor$Worker.run(ThreadPoolExecutor.java:617)
	at java.lang.Thread.run(Thread.java:745)
... Removed 16 stack frames</pre></div><a href='#' onClick='toggleBox("stack-trace1520765183", this, "Click to show all stack frames", "Click to hide stack frames")'>Click to show all stack frames</a>
<div class='stack-trace' id='stack-trace1520765183'><pre>java.lang.RuntimeException: This operation requires a browser window. Please call one of the following functions first:
 * startChrome()
 * startFirefox()
 * startIE()
 * setDriver(...)
	at com.heliumhq.api_impl.APIImpl.requireDriver(APIImpl.java:1168)
	at com.heliumhq.api_impl.APIImpl.killBrowserImpl(APIImpl.java:1014)
	at com.heliumhq.API.killBrowser(API.java:1046)
	at remedy.health.RemedySharedFunctions.tearDown(RemedySharedFunctions.java:508)
	at sun.reflect.NativeMethodAccessorImpl.invoke0(Native Method)
	at sun.reflect.NativeMethodAccessorImpl.invoke(NativeMethodAccessorImpl.java:62)
	at sun.reflect.DelegatingMethodAccessorImpl.invoke(DelegatingMethodAccessorImpl.java:43)
	at java.lang.reflect.Method.invoke(Method.java:498)
	at org.testng.internal.MethodInvocationHelper.invokeMethod(MethodInvocationHelper.java:100)
	at org.testng.internal.Invoker.invokeConfigurationMethod(Invoker.java:515)
	at org.testng.internal.Invoker.invokeConfigurations(Invoker.java:216)
	at org.testng.internal.Invoker.invokeConfigurations(Invoker.java:143)
	at org.testng.internal.TestMethodWorker.invokeAfterClassMethods(TestMethodWorker.java:217)
	at org.testng.internal.TestMethodWorker.run(TestMethodWorker.java:115)
	at org.testng.TestRunner.privateRun(TestRunner.java:753)
	at org.testng.TestRunner.run(TestRunner.java:607)
	at org.testng.SuiteRunner.runTest(SuiteRunner.java:368)
	at org.testng.SuiteRunner.access$000(SuiteRunner.java:39)
	at org.testng.SuiteRunner$SuiteWorker.run(SuiteRunner.java:402)
	at org.testng.internal.thread.ThreadUtil$2.call(ThreadUtil.java:64)
	at java.util.concurrent.FutureTask.run(FutureTask.java:266)
	at java.util.concurrent.ThreadPoolExecutor.runWorker(ThreadPoolExecutor.java:1142)
	at java.util.concurrent.ThreadPoolExecutor$Worker.run(ThreadPoolExecutor.java:617)
	at java.lang.Thread.run(Thread.java:745)
</pre></div></td>
<td>0</td>
<td>remedy.health.HealthCareandCosts@3c0f93f1</td></tr>
<tr>
<td title='remedy.health.SexandRelationships.tearDown()'><b>tearDown</b><br>Test class: remedy.health.SexandRelationships</td>
<td><div><pre>java.lang.RuntimeException: This operation requires a browser window. Please call one of the following functions first:
 * startChrome()
 * startFirefox()
 * startIE()
 * setDriver(...)
	at com.heliumhq.api_impl.APIImpl.requireDriver(APIImpl.java:1168)
	at com.heliumhq.api_impl.APIImpl.killBrowserImpl(APIImpl.java:1014)
	at com.heliumhq.API.killBrowser(API.java:1046)
	at remedy.health.RemedySharedFunctions.tearDown(RemedySharedFunctions.java:508)
	at java.util.concurrent.FutureTask.run(FutureTask.java:266)
	at java.util.concurrent.ThreadPoolExecutor.runWorker(ThreadPoolExecutor.java:1142)
	at java.util.concurrent.ThreadPoolExecutor$Worker.run(ThreadPoolExecutor.java:617)
	at java.lang.Thread.run(Thread.java:745)
... Removed 16 stack frames</pre></div><a href='#' onClick='toggleBox("stack-trace1219972469", this, "Click to show all stack frames", "Click to hide stack frames")'>Click to show all stack frames</a>
<div class='stack-trace' id='stack-trace1219972469'><pre>java.lang.RuntimeException: This operation requires a browser window. Please call one of the following functions first:
 * startChrome()
 * startFirefox()
 * startIE()
 * setDriver(...)
	at com.heliumhq.api_impl.APIImpl.requireDriver(APIImpl.java:1168)
	at com.heliumhq.api_impl.APIImpl.killBrowserImpl(APIImpl.java:1014)
	at com.heliumhq.API.killBrowser(API.java:1046)
	at remedy.health.RemedySharedFunctions.tearDown(RemedySharedFunctions.java:508)
	at sun.reflect.NativeMethodAccessorImpl.invoke0(Native Method)
	at sun.reflect.NativeMethodAccessorImpl.invoke(NativeMethodAccessorImpl.java:62)
	at sun.reflect.DelegatingMethodAccessorImpl.invoke(DelegatingMethodAccessorImpl.java:43)
	at java.lang.reflect.Method.invoke(Method.java:498)
	at org.testng.internal.MethodInvocationHelper.invokeMethod(MethodInvocationHelper.java:100)
	at org.testng.internal.Invoker.invokeConfigurationMethod(Invoker.java:515)
	at org.testng.internal.Invoker.invokeConfigurations(Invoker.java:216)
	at org.testng.internal.Invoker.invokeConfigurations(Invoker.java:143)
	at org.testng.internal.TestMethodWorker.invokeAfterClassMethods(TestMethodWorker.java:217)
	at org.testng.internal.TestMethodWorker.run(TestMethodWorker.java:115)
	at org.testng.TestRunner.privateRun(TestRunner.java:753)
	at org.testng.TestRunner.run(TestRunner.java:607)
	at org.testng.SuiteRunner.runTest(SuiteRunner.java:368)
	at org.testng.SuiteRunner.access$000(SuiteRunner.java:39)
	at org.testng.SuiteRunner$SuiteWorker.run(SuiteRunner.java:402)
	at org.testng.internal.thread.ThreadUtil$2.call(ThreadUtil.java:64)
	at java.util.concurrent.FutureTask.run(FutureTask.java:266)
	at java.util.concurrent.ThreadPoolExecutor.runWorker(ThreadPoolExecutor.java:1142)
	at java.util.concurrent.ThreadPoolExecutor$Worker.run(ThreadPoolExecutor.java:617)
	at java.lang.Thread.run(Thread.java:745)
</pre></div></td>
<td>0</td>
<td>remedy.health.SexandRelationships@31dc339b</td></tr>
<tr>
<td title='remedy.health.AboutUs.tearDown()'><b>tearDown</b><br>Test class: remedy.health.AboutUs</td>
<td><div><pre>java.lang.RuntimeException: This operation requires a browser window. Please call one of the following functions first:
 * startChrome()
 * startFirefox()
 * startIE()
 * setDriver(...)
	at com.heliumhq.api_impl.APIImpl.requireDriver(APIImpl.java:1168)
	at com.heliumhq.api_impl.APIImpl.killBrowserImpl(APIImpl.java:1014)
	at com.heliumhq.API.killBrowser(API.java:1046)
	at remedy.health.RemedySharedFunctions.tearDown(RemedySharedFunctions.java:508)
	at java.util.concurrent.FutureTask.run(FutureTask.java:266)
	at java.util.concurrent.ThreadPoolExecutor.runWorker(ThreadPoolExecutor.java:1142)
	at java.util.concurrent.ThreadPoolExecutor$Worker.run(ThreadPoolExecutor.java:617)
	at java.lang.Thread.run(Thread.java:745)
... Removed 16 stack frames</pre></div><a href='#' onClick='toggleBox("stack-trace1970246489", this, "Click to show all stack frames", "Click to hide stack frames")'>Click to show all stack frames</a>
<div class='stack-trace' id='stack-trace1970246489'><pre>java.lang.RuntimeException: This operation requires a browser window. Please call one of the following functions first:
 * startChrome()
 * startFirefox()
 * startIE()
 * setDriver(...)
	at com.heliumhq.api_impl.APIImpl.requireDriver(APIImpl.java:1168)
	at com.heliumhq.api_impl.APIImpl.killBrowserImpl(APIImpl.java:1014)
	at com.heliumhq.API.killBrowser(API.java:1046)
	at remedy.health.RemedySharedFunctions.tearDown(RemedySharedFunctions.java:508)
	at sun.reflect.NativeMethodAccessorImpl.invoke0(Native Method)
	at sun.reflect.NativeMethodAccessorImpl.invoke(NativeMethodAccessorImpl.java:62)
	at sun.reflect.DelegatingMethodAccessorImpl.invoke(DelegatingMethodAccessorImpl.java:43)
	at java.lang.reflect.Method.invoke(Method.java:498)
	at org.testng.internal.MethodInvocationHelper.invokeMethod(MethodInvocationHelper.java:100)
	at org.testng.internal.Invoker.invokeConfigurationMethod(Invoker.java:515)
	at org.testng.internal.Invoker.invokeConfigurations(Invoker.java:216)
	at org.testng.internal.Invoker.invokeConfigurations(Invoker.java:143)
	at org.testng.internal.TestMethodWorker.invokeAfterClassMethods(TestMethodWorker.java:217)
	at org.testng.internal.TestMethodWorker.run(TestMethodWorker.java:115)
	at org.testng.TestRunner.privateRun(TestRunner.java:753)
	at org.testng.TestRunner.run(TestRunner.java:607)
	at org.testng.SuiteRunner.runTest(SuiteRunner.java:368)
	at org.testng.SuiteRunner.access$000(SuiteRunner.java:39)
	at org.testng.SuiteRunner$SuiteWorker.run(SuiteRunner.java:402)
	at org.testng.internal.thread.ThreadUtil$2.call(ThreadUtil.java:64)
	at java.util.concurrent.FutureTask.run(FutureTask.java:266)
	at java.util.concurrent.ThreadPoolExecutor.runWorker(ThreadPoolExecutor.java:1142)
	at java.util.concurrent.ThreadPoolExecutor$Worker.run(ThreadPoolExecutor.java:617)
	at java.lang.Thread.run(Thread.java:745)
</pre></div></td>
<td>0</td>
<td>remedy.health.AboutUs@544fe44c</td></tr>
<tr>
<td title='remedy.health.DrugsandSupplements.tearDown()'><b>tearDown</b><br>Test class: remedy.health.DrugsandSupplements</td>
<td><div><pre>java.lang.RuntimeException: This operation requires a browser window. Please call one of the following functions first:
 * startChrome()
 * startFirefox()
 * startIE()
 * setDriver(...)
	at com.heliumhq.api_impl.APIImpl.requireDriver(APIImpl.java:1168)
	at com.heliumhq.api_impl.APIImpl.killBrowserImpl(APIImpl.java:1014)
	at com.heliumhq.API.killBrowser(API.java:1046)
	at remedy.health.RemedySharedFunctions.tearDown(RemedySharedFunctions.java:508)
	at java.util.concurrent.FutureTask.run(FutureTask.java:266)
	at java.util.concurrent.ThreadPoolExecutor.runWorker(ThreadPoolExecutor.java:1142)
	at java.util.concurrent.ThreadPoolExecutor$Worker.run(ThreadPoolExecutor.java:617)
	at java.lang.Thread.run(Thread.java:745)
... Removed 16 stack frames</pre></div><a href='#' onClick='toggleBox("stack-trace1912652706", this, "Click to show all stack frames", "Click to hide stack frames")'>Click to show all stack frames</a>
<div class='stack-trace' id='stack-trace1912652706'><pre>java.lang.RuntimeException: This operation requires a browser window. Please call one of the following functions first:
 * startChrome()
 * startFirefox()
 * startIE()
 * setDriver(...)
	at com.heliumhq.api_impl.APIImpl.requireDriver(APIImpl.java:1168)
	at com.heliumhq.api_impl.APIImpl.killBrowserImpl(APIImpl.java:1014)
	at com.heliumhq.API.killBrowser(API.java:1046)
	at remedy.health.RemedySharedFunctions.tearDown(RemedySharedFunctions.java:508)
	at sun.reflect.NativeMethodAccessorImpl.invoke0(Native Method)
	at sun.reflect.NativeMethodAccessorImpl.invoke(NativeMethodAccessorImpl.java:62)
	at sun.reflect.DelegatingMethodAccessorImpl.invoke(DelegatingMethodAccessorImpl.java:43)
	at java.lang.reflect.Method.invoke(Method.java:498)
	at org.testng.internal.MethodInvocationHelper.invokeMethod(MethodInvocationHelper.java:100)
	at org.testng.internal.Invoker.invokeConfigurationMethod(Invoker.java:515)
	at org.testng.internal.Invoker.invokeConfigurations(Invoker.java:216)
	at org.testng.internal.Invoker.invokeConfigurations(Invoker.java:143)
	at org.testng.internal.TestMethodWorker.invokeAfterClassMethods(TestMethodWorker.java:217)
	at org.testng.internal.TestMethodWorker.run(TestMethodWorker.java:115)
	at org.testng.TestRunner.privateRun(TestRunner.java:753)
	at org.testng.TestRunner.run(TestRunner.java:607)
	at org.testng.SuiteRunner.runTest(SuiteRunner.java:368)
	at org.testng.SuiteRunner.access$000(SuiteRunner.java:39)
	at org.testng.SuiteRunner$SuiteWorker.run(SuiteRunner.java:402)
	at org.testng.internal.thread.ThreadUtil$2.call(ThreadUtil.java:64)
	at java.util.concurrent.FutureTask.run(FutureTask.java:266)
	at java.util.concurrent.ThreadPoolExecutor.runWorker(ThreadPoolExecutor.java:1142)
	at java.util.concurrent.ThreadPoolExecutor$Worker.run(ThreadPoolExecutor.java:617)
	at java.lang.Thread.run(Thread.java:745)
</pre></div></td>
<td>0</td>
<td>remedy.health.DrugsandSupplements@31610302</td></tr>
<tr>
<td title='remedy.health.SearchEngineOptimization.tearDown()'><b>tearDown</b><br>Test class: remedy.health.SearchEngineOptimization</td>
<td><div><pre>java.lang.RuntimeException: This operation requires a browser window. Please call one of the following functions first:
 * startChrome()
 * startFirefox()
 * startIE()
 * setDriver(...)
	at com.heliumhq.api_impl.APIImpl.requireDriver(APIImpl.java:1168)
	at com.heliumhq.api_impl.APIImpl.killBrowserImpl(APIImpl.java:1014)
	at com.heliumhq.API.killBrowser(API.java:1046)
	at remedy.health.RemedySharedFunctions.tearDown(RemedySharedFunctions.java:508)
	at java.util.concurrent.FutureTask.run(FutureTask.java:266)
	at java.util.concurrent.ThreadPoolExecutor.runWorker(ThreadPoolExecutor.java:1142)
	at java.util.concurrent.ThreadPoolExecutor$Worker.run(ThreadPoolExecutor.java:617)
	at java.lang.Thread.run(Thread.java:745)
... Removed 16 stack frames</pre></div><a href='#' onClick='toggleBox("stack-trace55275210", this, "Click to show all stack frames", "Click to hide stack frames")'>Click to show all stack frames</a>
<div class='stack-trace' id='stack-trace55275210'><pre>java.lang.RuntimeException: This operation requires a browser window. Please call one of the following functions first:
 * startChrome()
 * startFirefox()
 * startIE()
 * setDriver(...)
	at com.heliumhq.api_impl.APIImpl.requireDriver(APIImpl.java:1168)
	at com.heliumhq.api_impl.APIImpl.killBrowserImpl(APIImpl.java:1014)
	at com.heliumhq.API.killBrowser(API.java:1046)
	at remedy.health.RemedySharedFunctions.tearDown(RemedySharedFunctions.java:508)
	at sun.reflect.NativeMethodAccessorImpl.invoke0(Native Method)
	at sun.reflect.NativeMethodAccessorImpl.invoke(NativeMethodAccessorImpl.java:62)
	at sun.reflect.DelegatingMethodAccessorImpl.invoke(DelegatingMethodAccessorImpl.java:43)
	at java.lang.reflect.Method.invoke(Method.java:498)
	at org.testng.internal.MethodInvocationHelper.invokeMethod(MethodInvocationHelper.java:100)
	at org.testng.internal.Invoker.invokeConfigurationMethod(Invoker.java:515)
	at org.testng.internal.Invoker.invokeConfigurations(Invoker.java:216)
	at org.testng.internal.Invoker.invokeConfigurations(Invoker.java:143)
	at org.testng.internal.TestMethodWorker.invokeAfterClassMethods(TestMethodWorker.java:217)
	at org.testng.internal.TestMethodWorker.run(TestMethodWorker.java:115)
	at org.testng.TestRunner.privateRun(TestRunner.java:753)
	at org.testng.TestRunner.run(TestRunner.java:607)
	at org.testng.SuiteRunner.runTest(SuiteRunner.java:368)
	at org.testng.SuiteRunner.access$000(SuiteRunner.java:39)
	at org.testng.SuiteRunner$SuiteWorker.run(SuiteRunner.java:402)
	at org.testng.internal.thread.ThreadUtil$2.call(ThreadUtil.java:64)
	at java.util.concurrent.FutureTask.run(FutureTask.java:266)
	at java.util.concurrent.ThreadPoolExecutor.runWorker(ThreadPoolExecutor.java:1142)
	at java.util.concurrent.ThreadPoolExecutor$Worker.run(ThreadPoolExecutor.java:617)
	at java.lang.Thread.run(Thread.java:745)
</pre></div></td>
<td>0</td>
<td>remedy.health.SearchEngineOptimization@21213b92</td></tr>
<tr>
<td title='remedy.health.Bookstore.tearDown()'><b>tearDown</b><br>Test class: remedy.health.Bookstore</td>
<td><div><pre>java.lang.RuntimeException: This operation requires a browser window. Please call one of the following functions first:
 * startChrome()
 * startFirefox()
 * startIE()
 * setDriver(...)
	at com.heliumhq.api_impl.APIImpl.requireDriver(APIImpl.java:1168)
	at com.heliumhq.api_impl.APIImpl.killBrowserImpl(APIImpl.java:1014)
	at com.heliumhq.API.killBrowser(API.java:1046)
	at remedy.health.RemedySharedFunctions.tearDown(RemedySharedFunctions.java:508)
	at java.util.concurrent.FutureTask.run(FutureTask.java:266)
	at java.util.concurrent.ThreadPoolExecutor.runWorker(ThreadPoolExecutor.java:1142)
	at java.util.concurrent.ThreadPoolExecutor$Worker.run(ThreadPoolExecutor.java:617)
	at java.lang.Thread.run(Thread.java:745)
... Removed 16 stack frames</pre></div><a href='#' onClick='toggleBox("stack-trace49120314", this, "Click to show all stack frames", "Click to hide stack frames")'>Click to show all stack frames</a>
<div class='stack-trace' id='stack-trace49120314'><pre>java.lang.RuntimeException: This operation requires a browser window. Please call one of the following functions first:
 * startChrome()
 * startFirefox()
 * startIE()
 * setDriver(...)
	at com.heliumhq.api_impl.APIImpl.requireDriver(APIImpl.java:1168)
	at com.heliumhq.api_impl.APIImpl.killBrowserImpl(APIImpl.java:1014)
	at com.heliumhq.API.killBrowser(API.java:1046)
	at remedy.health.RemedySharedFunctions.tearDown(RemedySharedFunctions.java:508)
	at sun.reflect.NativeMethodAccessorImpl.invoke0(Native Method)
	at sun.reflect.NativeMethodAccessorImpl.invoke(NativeMethodAccessorImpl.java:62)
	at sun.reflect.DelegatingMethodAccessorImpl.invoke(DelegatingMethodAccessorImpl.java:43)
	at java.lang.reflect.Method.invoke(Method.java:498)
	at org.testng.internal.MethodInvocationHelper.invokeMethod(MethodInvocationHelper.java:100)
	at org.testng.internal.Invoker.invokeConfigurationMethod(Invoker.java:515)
	at org.testng.internal.Invoker.invokeConfigurations(Invoker.java:216)
	at org.testng.internal.Invoker.invokeConfigurations(Invoker.java:143)
	at org.testng.internal.TestMethodWorker.invokeAfterClassMethods(TestMethodWorker.java:217)
	at org.testng.internal.TestMethodWorker.run(TestMethodWorker.java:115)
	at org.testng.TestRunner.privateRun(TestRunner.java:753)
	at org.testng.TestRunner.run(TestRunner.java:607)
	at org.testng.SuiteRunner.runTest(SuiteRunner.java:368)
	at org.testng.SuiteRunner.access$000(SuiteRunner.java:39)
	at org.testng.SuiteRunner$SuiteWorker.run(SuiteRunner.java:402)
	at org.testng.internal.thread.ThreadUtil$2.call(ThreadUtil.java:64)
	at java.util.concurrent.FutureTask.run(FutureTask.java:266)
	at java.util.concurrent.ThreadPoolExecutor.runWorker(ThreadPoolExecutor.java:1142)
	at java.util.concurrent.ThreadPoolExecutor$Worker.run(ThreadPoolExecutor.java:617)
	at java.lang.Thread.run(Thread.java:745)
</pre></div></td>
<td>0</td>
<td>remedy.health.Bookstore@a67c67e</td></tr>
<tr>
<td title='remedy.health.FoodandFitness.tearDown()'><b>tearDown</b><br>Test class: remedy.health.FoodandFitness</td>
<td><div><pre>java.lang.RuntimeException: This operation requires a browser window. Please call one of the following functions first:
 * startChrome()
 * startFirefox()
 * startIE()
 * setDriver(...)
	at com.heliumhq.api_impl.APIImpl.requireDriver(APIImpl.java:1168)
	at com.heliumhq.api_impl.APIImpl.killBrowserImpl(APIImpl.java:1014)
	at com.heliumhq.API.killBrowser(API.java:1046)
	at remedy.health.RemedySharedFunctions.tearDown(RemedySharedFunctions.java:508)
	at java.util.concurrent.FutureTask.run(FutureTask.java:266)
	at java.util.concurrent.ThreadPoolExecutor.runWorker(ThreadPoolExecutor.java:1142)
	at java.util.concurrent.ThreadPoolExecutor$Worker.run(ThreadPoolExecutor.java:617)
	at java.lang.Thread.run(Thread.java:745)
... Removed 16 stack frames</pre></div><a href='#' onClick='toggleBox("stack-trace478908494", this, "Click to show all stack frames", "Click to hide stack frames")'>Click to show all stack frames</a>
<div class='stack-trace' id='stack-trace478908494'><pre>java.lang.RuntimeException: This operation requires a browser window. Please call one of the following functions first:
 * startChrome()
 * startFirefox()
 * startIE()
 * setDriver(...)
	at com.heliumhq.api_impl.APIImpl.requireDriver(APIImpl.java:1168)
	at com.heliumhq.api_impl.APIImpl.killBrowserImpl(APIImpl.java:1014)
	at com.heliumhq.API.killBrowser(API.java:1046)
	at remedy.health.RemedySharedFunctions.tearDown(RemedySharedFunctions.java:508)
	at sun.reflect.NativeMethodAccessorImpl.invoke0(Native Method)
	at sun.reflect.NativeMethodAccessorImpl.invoke(NativeMethodAccessorImpl.java:62)
	at sun.reflect.DelegatingMethodAccessorImpl.invoke(DelegatingMethodAccessorImpl.java:43)
	at java.lang.reflect.Method.invoke(Method.java:498)
	at org.testng.internal.MethodInvocationHelper.invokeMethod(MethodInvocationHelper.java:100)
	at org.testng.internal.Invoker.invokeConfigurationMethod(Invoker.java:515)
	at org.testng.internal.Invoker.invokeConfigurations(Invoker.java:216)
	at org.testng.internal.Invoker.invokeConfigurations(Invoker.java:143)
	at org.testng.internal.TestMethodWorker.invokeAfterClassMethods(TestMethodWorker.java:217)
	at org.testng.internal.TestMethodWorker.run(TestMethodWorker.java:115)
	at org.testng.TestRunner.privateRun(TestRunner.java:753)
	at org.testng.TestRunner.run(TestRunner.java:607)
	at org.testng.SuiteRunner.runTest(SuiteRunner.java:368)
	at org.testng.SuiteRunner.access$000(SuiteRunner.java:39)
	at org.testng.SuiteRunner$SuiteWorker.run(SuiteRunner.java:402)
	at org.testng.internal.thread.ThreadUtil$2.call(ThreadUtil.java:64)
	at java.util.concurrent.FutureTask.run(FutureTask.java:266)
	at java.util.concurrent.ThreadPoolExecutor.runWorker(ThreadPoolExecutor.java:1142)
	at java.util.concurrent.ThreadPoolExecutor$Worker.run(ThreadPoolExecutor.java:617)
	at java.lang.Thread.run(Thread.java:745)
</pre></div></td>
<td>0</td>
<td>remedy.health.FoodandFitness@3327bd23</td></tr>
</table><p>
<table width='100%' border='1' class='invocation-failed'>
<tr><td colspan='4' align='center'><b>FAILED TESTS</b></td></tr>
<tr><td><b>Test method</b></td>
<td width="30%"><b>Exception</b></td>
<td width="10%"><b>Time (seconds)</b></td>
<td><b>Instance</b></td>
</tr>
<tr>
<td title='remedy.health.SharedControls.TestSharedControls()'><b>TestSharedControls</b><br>Test class: remedy.health.SharedControls</td>
<td><div><pre>java.lang.RuntimeException: This operation requires a browser window. Please call one of the following functions first:
 * startChrome()
 * startFirefox()
 * startIE()
 * setDriver(...)
	at com.heliumhq.api_impl.APIImpl.requireDriver(APIImpl.java:1168)
	at com.heliumhq.api_impl.APIImpl.scrollBy(APIImpl.java:764)
	at com.heliumhq.api_impl.APIImpl.scrollDownImpl(APIImpl.java:739)
	at com.heliumhq.API.scrollDown(API.java:474)
	at remedy.health.RemedySharedFunctions.SharingControls(RemedySharedFunctions.java:307)
	at remedy.health.SharedControls.CheckSharingControls(SharedControls.java:14)
	at remedy.health.SharedControls.TestSharedControls(SharedControls.java:9)
	at java.util.concurrent.FutureTask.run(FutureTask.java:266)
	at java.util.concurrent.ThreadPoolExecutor.runWorker(ThreadPoolExecutor.java:1142)
	at java.util.concurrent.ThreadPoolExecutor$Worker.run(ThreadPoolExecutor.java:617)
	at java.lang.Thread.run(Thread.java:745)
... Removed 16 stack frames</pre></div><a href='#' onClick='toggleBox("stack-trace1330960266", this, "Click to show all stack frames", "Click to hide stack frames")'>Click to show all stack frames</a>
<div class='stack-trace' id='stack-trace1330960266'><pre>java.lang.RuntimeException: This operation requires a browser window. Please call one of the following functions first:
 * startChrome()
 * startFirefox()
 * startIE()
 * setDriver(...)
	at com.heliumhq.api_impl.APIImpl.requireDriver(APIImpl.java:1168)
	at com.heliumhq.api_impl.APIImpl.scrollBy(APIImpl.java:764)
	at com.heliumhq.api_impl.APIImpl.scrollDownImpl(APIImpl.java:739)
	at com.heliumhq.API.scrollDown(API.java:474)
	at remedy.health.RemedySharedFunctions.SharingControls(RemedySharedFunctions.java:307)
	at remedy.health.SharedControls.CheckSharingControls(SharedControls.java:14)
	at remedy.health.SharedControls.TestSharedControls(SharedControls.java:9)
	at sun.reflect.NativeMethodAccessorImpl.invoke0(Native Method)
	at sun.reflect.NativeMethodAccessorImpl.invoke(NativeMethodAccessorImpl.java:62)
	at sun.reflect.DelegatingMethodAccessorImpl.invoke(DelegatingMethodAccessorImpl.java:43)
	at java.lang.reflect.Method.invoke(Method.java:498)
	at org.testng.internal.MethodInvocationHelper.invokeMethod(MethodInvocationHelper.java:100)
	at org.testng.internal.Invoker.invokeMethod(Invoker.java:646)
	at org.testng.internal.Invoker.invokeTestMethod(Invoker.java:811)
	at org.testng.internal.Invoker.invokeTestMethods(Invoker.java:1137)
	at org.testng.internal.TestMethodWorker.invokeTestMethods(TestMethodWorker.java:129)
	at org.testng.internal.TestMethodWorker.run(TestMethodWorker.java:112)
	at org.testng.TestRunner.privateRun(TestRunner.java:753)
	at org.testng.TestRunner.run(TestRunner.java:607)
	at org.testng.SuiteRunner.runTest(SuiteRunner.java:368)
	at org.testng.SuiteRunner.access$000(SuiteRunner.java:39)
	at org.testng.SuiteRunner$SuiteWorker.run(SuiteRunner.java:402)
	at org.testng.internal.thread.ThreadUtil$2.call(ThreadUtil.java:64)
	at java.util.concurrent.FutureTask.run(FutureTask.java:266)
	at java.util.concurrent.ThreadPoolExecutor.runWorker(ThreadPoolExecutor.java:1142)
	at java.util.concurrent.ThreadPoolExecutor$Worker.run(ThreadPoolExecutor.java:617)
	at java.lang.Thread.run(Thread.java:745)
</pre></div></td>
<td>0</td>
<td>remedy.health.SharedControls@71318ec4</td></tr>
</table><p>
<table width='100%' border='1' class='invocation-skipped'>
<tr><td colspan='4' align='center'><b>SKIPPED TESTS</b></td></tr>
<tr><td><b>Test method</b></td>
<td width="30%"><b>Exception</b></td>
<td width="10%"><b>Time (seconds)</b></td>
<td><b>Instance</b></td>
</tr>
<tr>
<td title='remedy.health.AboutUs.CheckAboutUs()'><b>CheckAboutUs</b><br>Test class: remedy.health.AboutUs</td>
<td></td>
<td>0</td>
<td>remedy.health.AboutUs@544fe44c</td></tr>
<tr>
<td title='remedy.health.ArticlePage.CheckArticles()'><b>CheckArticles</b><br>Test class: remedy.health.ArticlePage</td>
<td></td>
<td>0</td>
<td>remedy.health.ArticlePage@60c6f5b</td></tr>
<tr>
<td title='remedy.health.Bookstore.CheckBookstore()'><b>CheckBookstore</b><br>Test class: remedy.health.Bookstore</td>
<td></td>
<td>0</td>
<td>remedy.health.Bookstore@a67c67e</td></tr>
<tr>
<td title='remedy.health.MainPage.CheckMainPage()'><b>CheckMainPage</b><br>Test class: remedy.health.MainPage</td>
<td></td>
<td>0</td>
<td>remedy.health.MainPage@2038ae61</td></tr>
<tr>
<td title='remedy.health.DrugsandSupplements.TestDrugsandSpplements()'><b>TestDrugsandSpplements</b><br>Test class: remedy.health.DrugsandSupplements</td>
<td></td>
<td>0</td>
<td>remedy.health.DrugsandSupplements@31610302</td></tr>
<tr>
<td title='remedy.health.FoodandFitness.TestFoodandFitness()'><b>TestFoodandFitness</b><br>Test class: remedy.health.FoodandFitness</td>
<td></td>
<td>0</td>
<td>remedy.health.FoodandFitness@3327bd23</td></tr>
<tr>
<td title='remedy.health.HealthCareandCosts.TestHealthCareandCosts()'><b>TestHealthCareandCosts</b><br>Test class: remedy.health.HealthCareandCosts</td>
<td></td>
<td>0</td>
<td>remedy.health.HealthCareandCosts@3c0f93f1</td></tr>
<tr>
<td title='remedy.health.SearchEngineOptimization.TestSearchEngine()'><b>TestSearchEngine</b><br>Test class: remedy.health.SearchEngineOptimization</td>
<td></td>
<td>0</td>
<td>remedy.health.SearchEngineOptimization@21213b92</td></tr>
<tr>
<td title='remedy.health.SexandRelationships.TestSexandRelationships()'><b>TestSexandRelationships</b><br>Test class: remedy.health.SexandRelationships</td>
<td></td>
<td>0</td>
<td>remedy.health.SexandRelationships@31dc339b</td></tr>
</table><p>
</body>
</html>