<?xml version="1.0" encoding="UTF-8"?>
<!-- Generated by org.testng.reporters.JUnitXMLReporter -->
<testsuite hostname="DESKTOP-IQOQ25D" name="Test" tests="12" failures="0" timestamp="11 Apr 2017 10:47:45 GMT" time="289.804" errors="0">
  <testcase name="@BeforeClass LaunchBrowser" time="0.0" classname="remedy.health.AboutUs">
    <failure type="org.openqa.selenium.ElementNotVisibleException" message="element not visible
  (Session info: chrome=57.0.2987.133)
  (Driver info: chromedriver=2.25.426923 (0390b88869384d6eb0d5d09729679f934aab9eed),platform=Windows NT 10.0.14393 x86_64) (WARNING: The server did not provide any stacktrace information)
Command duration or timeout: 23 milliseconds
Build info: version: &amp;apos;2.53.1&amp;apos;, revision: &amp;apos;a36b8b1cd5757287168e54b817830adce9b0158d&amp;apos;, time: &amp;apos;2016-06-30 19:26:09&amp;apos;
System info: host: &amp;apos;DESKTOP-IQOQ25D&amp;apos;, ip: &amp;apos;192.168.0.108&amp;apos;, os.name: &amp;apos;Windows 10&amp;apos;, os.arch: &amp;apos;amd64&amp;apos;, os.version: &amp;apos;10.0&amp;apos;, java.version: &amp;apos;1.8.0_101&amp;apos;
Driver info: org.openqa.selenium.chrome.ChromeDriver
Capabilities [{applicationCacheEnabled=false, rotatable=false, mobileEmulationEnabled=false, networkConnectionEnabled=false, chrome={chromedriverVersion=2.25.426923 (0390b88869384d6eb0d5d09729679f934aab9eed), userDataDir=C:\Users\User\AppData\Local\Temp\scoped_dir3340_23914}, takesHeapSnapshot=true, pageLoadStrategy=normal, databaseEnabled=false, handlesAlerts=true, hasTouchScreen=false, version=57.0.2987.133, platform=XP, browserConnectionEnabled=false, nativeEvents=true, acceptSslCerts=true, locationContextEnabled=true, webStorageEnabled=true, browserName=chrome, takesScreenshot=true, javascriptEnabled=true, cssSelectorsEnabled=true}]
Session ID: 7cf82654294b4f5880b72c34f4721be8">
      <![CDATA[org.openqa.selenium.ElementNotVisibleException: element not visible
  (Session info: chrome=57.0.2987.133)
  (Driver info: chromedriver=2.25.426923 (0390b88869384d6eb0d5d09729679f934aab9eed),platform=Windows NT 10.0.14393 x86_64) (WARNING: The server did not provide any stacktrace information)
Command duration or timeout: 23 milliseconds
Build info: version: '2.53.1', revision: 'a36b8b1cd5757287168e54b817830adce9b0158d', time: '2016-06-30 19:26:09'
System info: host: 'DESKTOP-IQOQ25D', ip: '192.168.0.108', os.name: 'Windows 10', os.arch: 'amd64', os.version: '10.0', java.version: '1.8.0_101'
Driver info: org.openqa.selenium.chrome.ChromeDriver
Capabilities [{applicationCacheEnabled=false, rotatable=false, mobileEmulationEnabled=false, networkConnectionEnabled=false, chrome={chromedriverVersion=2.25.426923 (0390b88869384d6eb0d5d09729679f934aab9eed), userDataDir=C:\Users\User\AppData\Local\Temp\scoped_dir3340_23914}, takesHeapSnapshot=true, pageLoadStrategy=normal, databaseEnabled=false, handlesAlerts=true, hasTouchScreen=false, version=57.0.2987.133, platform=XP, browserConnectionEnabled=false, nativeEvents=true, acceptSslCerts=true, locationContextEnabled=true, webStorageEnabled=true, browserName=chrome, takesScreenshot=true, javascriptEnabled=true, cssSelectorsEnabled=true}]
Session ID: 7cf82654294b4f5880b72c34f4721be8
	at org.openqa.selenium.remote.ErrorHandler.createThrowable(ErrorHandler.java:206)
	at org.openqa.selenium.remote.ErrorHandler.throwIfResponseFailed(ErrorHandler.java:158)
	at org.openqa.selenium.remote.RemoteWebDriver.execute(RemoteWebDriver.java:678)
	at org.openqa.selenium.remote.RemoteWebElement.execute(RemoteWebElement.java:327)
	at org.openqa.selenium.remote.RemoteWebElement.click(RemoteWebElement.java:85)
	at remedy.health.RemedySharedFunctions.LaunchBrowser(RemedySharedFunctions.java:55)
... Removed 29 stack frames]]>
    </failure>
  </testcase> <!-- @BeforeClass LaunchBrowser -->
  <testcase name="CheckArticles" time="35.345" classname="remedy.health.ArticlePage"/>
  <testcase name="TestTag" time="14.049" classname="remedy.health.Tag"/>
  <testcase name="CheckMainPage" time="39.055" classname="remedy.health.MainPage"/>
  <testcase name="TestHealthCareandCosts" time="20.778" classname="remedy.health.HealthCareandCosts"/>
  <testcase name="TestSexandRelationships" time="14.304" classname="remedy.health.SexandRelationships"/>
  <testcase name="CheckAboutUs" time="0.001" classname="remedy.health.AboutUs">
    <skipped/>
  </testcase> <!-- CheckAboutUs -->
  <testcase name="TestDrugsandSpplements" time="0.0" classname="remedy.health.DrugsandSupplements">
    <skipped/>
  </testcase> <!-- TestDrugsandSpplements -->
  <testcase name="Test_Author" time="0.0" classname="remedy.health.Author">
    <skipped/>
  </testcase> <!-- Test_Author -->
  <testcase name="TestSharedControls" time="0.001" classname="remedy.health.SharedControls">
    <skipped/>
  </testcase> <!-- TestSharedControls -->
  <testcase name="TestSearchEngine" time="0.001" classname="remedy.health.SearchEngineOptimization">
    <skipped/>
  </testcase> <!-- TestSearchEngine -->
  <testcase name="CheckBookstore" time="0.001" classname="remedy.health.Bookstore">
    <skipped/>
  </testcase> <!-- CheckBookstore -->
  <testcase name="TestFoodandFitness" time="0.001" classname="remedy.health.FoodandFitness">
    <skipped/>
  </testcase> <!-- TestFoodandFitness -->
</testsuite> <!-- Test -->
